python -m src.main '/Users/filipr/Downloads/bwt-algorithm/bwt-algorithm/arabadopsis_chrs/Chr4.fa' --tiers all --format bed --output arabidopsis_chr4_repeats.bed --verbose

Processing /Users/filipr/Downloads/bwt-algorithm/bwt-algorithm/arabadopsis_chrs/Chr4.fa...
Processing sequence: Chr4 (18585056 bp)
  [Chr4] Building BWT and FM-index...
  [Chr4] BWT built in 15.64s
  [Chr4] Running Tier 1 (Short Perfect)...
  [Chr4] Tier 1 pure FM-index scan (min_k=1, max_k=9)...
    Evaluating all 4^9 canonical 9-mers...
    Evaluating all 4^8 canonical 8-mers...
    Evaluating all 4^7 canonical 7-mers...
    Evaluating all 4^6 canonical 6-mers...
    Evaluating all 4^5 canonical 5-mers...
    Evaluating all 4^4 canonical 4-mers...
    Evaluating all 4^3 canonical 3-mers...
    Evaluating all 4^2 canonical 2-mers...
    Evaluating all 4^1 canonical 1-mers...
  [Chr4] Tier 1 FM-index found 3456 repeats in 78.40s
  [Chr4] Tier 1 found 3456 repeats in 78.64s
  [Chr4] Running Tier 2 (Imperfect & Medium)...
  [Chr4] Tier 2 long-unit: Phase A (SA+LCP) starting...
  [Chr4] Tier 2 long-unit: Phase A found 2026 repeats (125209 LCP candidates)
  [Chr4] Tier 2 long-unit: Phase B (BWT k-mer seeding)...
  [Chr4] Tier 2 long-unit: Phase B found 1862 additional repeats
  [Chr4] Tier 2 simple scan: Phase A (SA+LCP) starting, n=18585056, min_p=10, max_p=50
  [Chr4] Tier 2 simple scan: Phase A found 114 repeats (16834 LCP candidates) in 0.52s
  [Chr4] Tier 2 simple scan: Phase B (BWT k-mer seeding)...
  [Chr4] Tier 2 simple scan: Phase B found 32 additional repeats in 11.69s total
  [Chr4] Tier 2 processed 3850 repeats (>=10bp motifs) in 76.01s
  [Chr4] Running Tier 3 (Long Reads)...
  [Chr4] Tier 3 found 12 repeats in 37.95s
Total repeats found: 6987
Total time: 209.56s
Results written to arabidopsis_chr4_repeats.bed